# JRE version: Java(TM) SE Runtime Environment (11.0.2+7) (build 11.0.2+7-LTS)
# Java VM: Java HotSpot(TM) 64-Bit Server VM (11.0.2+7-LTS, mixed mode, tiered, compressed oops, g1 gc, windows-amd64)
Heap:
 garbage-first heap   total 131072K, used 27550K [0x0000000080e00000, 0x0000000100000000)
  region size 1024K, 23 young (23552K), 4 survivors (4096K)
 Metaspace       used 18349K, capacity 18863K, committed 19072K, reserved 1067008K
  class space    used 1896K, capacity 2074K, committed 2176K, reserved 1048576K
GC Heap History (6 events):
Event: 1.330 GC heap before
{Heap before GC invocations=0 (full 0):
 garbage-first heap   total 131072K, used 23552K [0x0000000080e00000, 0x0000000100000000)
  region size 1024K, 24 young (24576K), 0 survivors (0K)
 Metaspace       used 10681K, capacity 10859K, committed 11136K, reserved 1058816K
  class space    used 973K, capacity 1044K, committed 1152K, reserved 1048576K
}
Event: 1.340 GC heap after
{Heap after GC invocations=1 (full 0):
 garbage-first heap   total 131072K, used 5439K [0x0000000080e00000, 0x0000000100000000)
  region size 1024K, 3 young (3072K), 3 survivors (3072K)
 Metaspace       used 10681K, capacity 10859K, committed 11136K, reserved 1058816K
  class space    used 973K, capacity 1044K, committed 1152K, reserved 1048576K
}
Event: 2.270 GC heap before
{Heap before GC invocations=1 (full 0):
 garbage-first heap   total 131072K, used 26943K [0x0000000080e00000, 0x0000000100000000)
  region size 1024K, 24 young (24576K), 3 survivors (3072K)
 Metaspace       used 12801K, capacity 13092K, committed 13184K, reserved 1060864K
  class space    used 1250K, capacity 1364K, committed 1408K, reserved 1048576K
}
Event: 2.277 GC heap after
{Heap after GC invocations=2 (full 0):
 garbage-first heap   total 131072K, used 6448K [0x0000000080e00000, 0x0000000100000000)
  region size 1024K, 2 young (2048K), 2 survivors (2048K)
 Metaspace       used 12801K, capacity 13092K, committed 13184K, reserved 1060864K
  class space    used 1250K, capacity 1364K, committed 1408K, reserved 1048576K
}
Event: 4.085 GC heap before
{Heap before GC invocations=2 (full 0):
 garbage-first heap   total 131072K, used 56624K [0x0000000080e00000, 0x0000000100000000)
  region size 1024K, 51 young (52224K), 2 survivors (2048K)
 Metaspace       used 16956K, capacity 17452K, committed 17664K, reserved 1064960K
  class space    used 1732K, capacity 1924K, committed 2048K, reserved 1048576K
}
Event: 4.095 GC heap after
{Heap after GC invocations=3 (full 0):
 garbage-first heap   total 131072K, used 9118K [0x0000000080e00000, 0x0000000100000000)
  region size 1024K, 4 young (4096K), 4 survivors (4096K)
 Metaspace       used 16956K, capacity 17452K, committed 17664K, reserved 1064960K
  class space    used 1732K, capacity 1924K, committed 2048K, reserved 1048576K
}

